# JRE version: OpenJDK Runtime Environment (8.0_202-b03) (build 1.8.0_202-release-1483-b03)
# Java VM: OpenJDK 64-Bit Server VM (25.202-b03 mixed mode windows-amd64 compressed oops)
Heap:
 PSYoungGen      total 387072K, used 266690K [0x00000000e0000000, 0x00000000ff400000, 0x0000000100000000)
  eden space 269312K, 95% used [0x00000000e0000000,0x00000000efb6b7b8,0x00000000f0700000)
  from space 117760K, 7% used [0x00000000f8100000,0x00000000f8a05230,0x00000000ff400000)
  to   space 121344K, 0% used [0x00000000f0700000,0x00000000f0700000,0x00000000f7d80000)
 ParOldGen       total 269824K, used 127930K [0x00000000a0000000, 0x00000000b0780000, 0x00000000e0000000)
  object space 269824K, 47% used [0x00000000a0000000,0x00000000a7ceeab0,0x00000000b0780000)
 Metaspace       used 209949K, capacity 224882K, committed 229080K, reserved 1249280K
  class space    used 25983K, capacity 28637K, committed 29696K, reserved 1048576K
GC Heap History (10 events):
Event: 16017.345 GC heap before
{Heap before GC invocations=108 (full 6):
 PSYoungGen      total 375808K, used 246104K [0x00000000e0000000, 0x00000000ffd00000, 0x0000000100000000)
  eden space 234496K, 100% used [0x00000000e0000000,0x00000000ee500000,0x00000000ee500000)
  from space 141312K, 8% used [0x00000000ee500000,0x00000000ef056018,0x00000000f6f00000)
  to   space 139776K, 0% used [0x00000000f7480000,0x00000000f7480000,0x00000000ffd00000)
 ParOldGen       total 269824K, used 119691K [0x00000000a0000000, 0x00000000b0780000, 0x00000000e0000000)
  object space 269824K, 44% used [0x00000000a0000000,0x00000000a74e2e40,0x00000000b0780000)
 Metaspace       used 206789K, capacity 219740K, committed 229080K, reserved 1249280K
  class space    used 25484K, capacity 27747K, committed 29696K, reserved 1048576K
Event: 16017.358 GC heap after
Heap after GC invocations=108 (full 6):
 PSYoungGen      total 377344K, used 17991K [0x00000000e0000000, 0x00000000ff780000, 0x0000000100000000)
  eden space 243200K, 0% used [0x00000000e0000000,0x00000000e0000000,0x00000000eed80000)
  from space 134144K, 13% used [0x00000000f7480000,0x00000000f8611d60,0x00000000ff780000)
  to   space 136192K, 0% used [0x00000000eed80000,0x00000000eed80000,0x00000000f7280000)
 ParOldGen       total 269824K, used 121284K [0x00000000a0000000, 0x00000000b0780000, 0x00000000e0000000)
  object space 269824K, 44% used [0x00000000a0000000,0x00000000a76713c8,0x00000000b0780000)
 Metaspace       used 206789K, capacity 219740K, committed 229080K, reserved 1249280K
  class space    used 25484K, capacity 27747K, committed 29696K, reserved 1048576K
}
Event: 16027.841 GC heap before
{Heap before GC invocations=109 (full 6):
 PSYoungGen      total 377344K, used 261191K [0x00000000e0000000, 0x00000000ff780000, 0x0000000100000000)
  eden space 243200K, 100% used [0x00000000e0000000,0x00000000eed80000,0x00000000eed80000)
  from space 134144K, 13% used [0x00000000f7480000,0x00000000f8611d60,0x00000000ff780000)
  to   space 136192K, 0% used [0x00000000eed80000,0x00000000eed80000,0x00000000f7280000)
 ParOldGen       total 269824K, used 121284K [0x00000000a0000000, 0x00000000b0780000, 0x00000000e0000000)
  object space 269824K, 44% used [0x00000000a0000000,0x00000000a76713c8,0x00000000b0780000)
 Metaspace       used 207109K, capacity 220112K, committed 229080K, reserved 1249280K
  class space    used 25513K, capacity 27793K, committed 29696K, reserved 1048576K
Event: 16027.849 GC heap after
Heap after GC invocations=109 (full 6):
 PSYoungGen      total 379392K, used 7820K [0x00000000e0000000, 0x00000000ffd00000, 0x0000000100000000)
  eden space 243200K, 0% used [0x00000000e0000000,0x00000000e0000000,0x00000000eed80000)
  from space 136192K, 5% used [0x00000000eed80000,0x00000000ef523358,0x00000000f7280000)
  to   space 133632K, 0% used [0x00000000f7a80000,0x00000000f7a80000,0x00000000ffd00000)
 ParOldGen       total 269824K, used 123279K [0x00000000a0000000, 0x00000000b0780000, 0x00000000e0000000)
  object space 269824K, 45% used [0x00000000a0000000,0x00000000a7863c08,0x00000000b0780000)
 Metaspace       used 207109K, capacity 220112K, committed 229080K, reserved 1249280K
  class space    used 25513K, capacity 27793K, committed 29696K, reserved 1048576K
}
Event: 16586.155 GC heap before
{Heap before GC invocations=110 (full 6):
 PSYoungGen      total 379392K, used 251020K [0x00000000e0000000, 0x00000000ffd00000, 0x0000000100000000)
  eden space 243200K, 100% used [0x00000000e0000000,0x00000000eed80000,0x00000000eed80000)
  from space 136192K, 5% used [0x00000000eed80000,0x00000000ef523358,0x00000000f7280000)
  to   space 133632K, 0% used [0x00000000f7a80000,0x00000000f7a80000,0x00000000ffd00000)
 ParOldGen       total 269824K, used 123279K [0x00000000a0000000, 0x00000000b0780000, 0x00000000e0000000)
  object space 269824K, 45% used [0x00000000a0000000,0x00000000a7863c08,0x00000000b0780000)
 Metaspace       used 208084K, capacity 221652K, committed 229080K, reserved 1249280K
  class space    used 25672K, capacity 28106K, committed 29696K, reserved 1048576K
Event: 16586.171 GC heap after
Heap after GC invocations=110 (full 6):
 PSYoungGen      total 380416K, used 13664K [0x00000000e0000000, 0x00000000ff580000, 0x0000000100000000)
  eden space 254464K, 0% used [0x00000000e0000000,0x00000000e0000000,0x00000000ef880000)
  from space 125952K, 10% used [0x00000000f7a80000,0x00000000f87d8000,0x00000000ff580000)
  to   space 129536K, 0% used [0x00000000ef880000,0x00000000ef880000,0x00000000f7700000)
 ParOldGen       total 269824K, used 125208K [0x00000000a0000000, 0x00000000b0780000, 0x00000000e0000000)
  object space 269824K, 46% used [0x00000000a0000000,0x00000000a7a46248,0x00000000b0780000)
 Metaspace       used 208084K, capacity 221652K, committed 229080K, reserved 1249280K
  class space    used 25672K, capacity 28106K, committed 29696K, reserved 1048576K
}
Event: 16634.164 GC heap before
{Heap before GC invocations=111 (full 6):
 PSYoungGen      total 380416K, used 268128K [0x00000000e0000000, 0x00000000ff580000, 0x0000000100000000)
  eden space 254464K, 100% used [0x00000000e0000000,0x00000000ef880000,0x00000000ef880000)
  from space 125952K, 10% used [0x00000000f7a80000,0x00000000f87d8000,0x00000000ff580000)
  to   space 129536K, 0% used [0x00000000ef880000,0x00000000ef880000,0x00000000f7700000)
 ParOldGen       total 269824K, used 125208K [0x00000000a0000000, 0x00000000b0780000, 0x00000000e0000000)
  object space 269824K, 46% used [0x00000000a0000000,0x00000000a7a46248,0x00000000b0780000)
 Metaspace       used 208819K, capacity 223130K, committed 229080K, reserved 1249280K
  class space    used 25817K, capacity 28384K, committed 29696K, reserved 1048576K
Event: 16634.182 GC heap after
Heap after GC invocations=111 (full 6):
 PSYoungGen      total 384000K, used 11968K [0x00000000e0000000, 0x00000000ffb80000, 0x0000000100000000)
  eden space 254464K, 0% used [0x00000000e0000000,0x00000000e0000000,0x00000000ef880000)
  from space 129536K, 9% used [0x00000000ef880000,0x00000000f0430020,0x00000000f7700000)
  to   space 125440K, 0% used [0x00000000f8100000,0x00000000f8100000,0x00000000ffb80000)
 ParOldGen       total 269824K, used 127930K [0x00000000a0000000, 0x00000000b0780000, 0x00000000e0000000)
  object space 269824K, 47% used [0x00000000a0000000,0x00000000a7ceeab0,0x00000000b0780000)
 Metaspace       used 208819K, capacity 223130K, committed 229080K, reserved 1249280K
  class space    used 25817K, capacity 28384K, committed 29696K, reserved 1048576K
}
Event: 17087.446 GC heap before
{Heap before GC invocations=112 (full 6):
 PSYoungGen      total 384000K, used 266432K [0x00000000e0000000, 0x00000000ffb80000, 0x0000000100000000)
  eden space 254464K, 100% used [0x00000000e0000000,0x00000000ef880000,0x00000000ef880000)
  from space 129536K, 9% used [0x00000000ef880000,0x00000000f0430020,0x00000000f7700000)
  to   space 125440K, 0% used [0x00000000f8100000,0x00000000f8100000,0x00000000ffb80000)
 ParOldGen       total 269824K, used 127930K [0x00000000a0000000, 0x00000000b0780000, 0x00000000e0000000)
  object space 269824K, 47% used [0x00000000a0000000,0x00000000a7ceeab0,0x00000000b0780000)
 Metaspace       used 209250K, capacity 223966K, committed 229080K, reserved 1249280K
  class space    used 25871K, capacity 28455K, committed 29696K, reserved 1048576K
Event: 17087.459 GC heap after
Heap after GC invocations=112 (full 6):
 PSYoungGen      total 387072K, used 9236K [0x00000000e0000000, 0x00000000ff400000, 0x0000000100000000)
  eden space 269312K, 0% used [0x00000000e0000000,0x00000000e0000000,0x00000000f0700000)
  from space 117760K, 7% used [0x00000000f8100000,0x00000000f8a05230,0x00000000ff400000)
  to   space 121344K, 0% used [0x00000000f0700000,0x00000000f0700000,0x00000000f7d80000)
 ParOldGen       total 269824K, used 127930K [0x00000000a0000000, 0x00000000b0780000, 0x00000000e0000000)
  object space 269824K, 47% used [0x00000000a0000000,0x00000000a7ceeab0,0x00000000b0780000)
 Metaspace       used 209250K, capacity 223966K, committed 229080K, reserved 1249280K
  class space    used 25871K, capacity 28455K, committed 29696K, reserved 1048576K
}

